<?xml version="1.0" encoding="UTF-8"?>
<!-- Generated by org.testng.reporters.JUnitXMLReporter -->
<testsuite hostname="LAPTOP-GOU90RG5" ignored="0" name="verifyTitle2" tests="3" failures="3" timestamp="2020-01-22T20:40:02 IST" time="0.133" errors="0">
  <testcase name="getVerifyTitle" time="0.0" classname="TestNGTest.verifyTitle">
    <failure type="org.testng.TestNGException" message="
Parameter &amp;apos;brower&amp;apos; is required by @Test on method getVerifyTitle but has not been marked @Optional or defined
in C:\Users\karishma\eclipse-workspace4\TestNG_Example\verifytest.xml">
      <![CDATA[org.testng.TestNGException: 
Parameter 'brower' is required by @Test on method getVerifyTitle but has not been marked @Optional or defined
in C:\Users\karishma\eclipse-workspace4\TestNG_Example\verifytest.xml
at java.util.ArrayList.forEach(Unknown Source)
at java.util.concurrent.FutureTask.run(Unknown Source)
at java.util.concurrent.ThreadPoolExecutor.runWorker(Unknown Source)
at java.util.concurrent.ThreadPoolExecutor$Worker.run(Unknown Source)
at java.lang.Thread.run(Unknown Source)
... Removed 17 stack frames]]>
    </failure>
  </testcase> <!-- getVerifyTitle -->
  <testcase name="getVerifyTitle" time="0.0" classname="TestNGTest.verifyTitle">
    <failure type="org.testng.TestNGException" message="
Parameter &amp;apos;brower&amp;apos; is required by @Test on method getVerifyTitle but has not been marked @Optional or defined
in C:\Users\karishma\eclipse-workspace4\TestNG_Example\verifytest.xml">
      <![CDATA[org.testng.TestNGException: 
Parameter 'brower' is required by @Test on method getVerifyTitle but has not been marked @Optional or defined
in C:\Users\karishma\eclipse-workspace4\TestNG_Example\verifytest.xml
at java.util.ArrayList.forEach(Unknown Source)
at java.util.concurrent.FutureTask.run(Unknown Source)
at java.util.concurrent.ThreadPoolExecutor.runWorker(Unknown Source)
at java.util.concurrent.ThreadPoolExecutor$Worker.run(Unknown Source)
at java.lang.Thread.run(Unknown Source)
... Removed 17 stack frames]]>
    </failure>
  </testcase> <!-- getVerifyTitle -->
  <testcase name="getVerifyTitle" time="0.0" classname="TestNGTest.verifyTitle">
    <failure type="org.testng.TestNGException" message="
Parameter &amp;apos;brower&amp;apos; is required by @Test on method getVerifyTitle but has not been marked @Optional or defined
in C:\Users\karishma\eclipse-workspace4\TestNG_Example\verifytest.xml">
      <![CDATA[org.testng.TestNGException: 
Parameter 'brower' is required by @Test on method getVerifyTitle but has not been marked @Optional or defined
in C:\Users\karishma\eclipse-workspace4\TestNG_Example\verifytest.xml
at java.util.ArrayList.forEach(Unknown Source)
at java.util.concurrent.FutureTask.run(Unknown Source)
at java.util.concurrent.ThreadPoolExecutor.runWorker(Unknown Source)
at java.util.concurrent.ThreadPoolExecutor$Worker.run(Unknown Source)
at java.lang.Thread.run(Unknown Source)
... Removed 17 stack frames]]>
    </failure>
  </testcase> <!-- getVerifyTitle -->
</testsuite> <!-- verifyTitle2 -->
